2021-01-14 15:07:55,455 INFO 76730 [egg:logger] init all loggers with options: {"dir":"/Users/didi/yarong/xiyou/graduationProject/graduation/myapp/umiExp/egg-example/logs/eggExp","encoding":"utf8","env":"local","level":"INFO","consoleLevel":"INFO","disableConsoleAfterReady":false,"outputJSON":false,"buffer":true,"appLogName":"eggExp-web.log","coreLogName":"egg-web.log","agentLogName":"egg-agent.log","errorLogName":"common-error.log","coreLogger":{"consoleLevel":"WARN"},"allowDebugAtProd":false,"type":"application"}
2021-01-14 15:07:55,485 INFO 76730 [egg-multipart] stream mode enable
2021-01-14 15:07:55,588 INFO 76730 [egg-static] starting static serve /public/ -> /Users/didi/yarong/xiyou/graduationProject/graduation/myapp/umiExp/egg-example/app/public
2021-01-14 15:07:55,591 INFO 76730 [egg-security] use csrf middleware
2021-01-14 15:07:55,592 INFO 76730 [egg-security] use methodnoallow middleware
2021-01-14 15:07:55,593 INFO 76730 [egg-security] use noopen middleware
2021-01-14 15:07:55,594 INFO 76730 [egg-security] use nosniff middleware
2021-01-14 15:07:55,595 INFO 76730 [egg-security] use xssProtection middleware
2021-01-14 15:07:55,596 INFO 76730 [egg-security] use xframe middleware
2021-01-14 15:07:55,596 INFO 76730 [egg-security] use dta middleware
2021-01-14 15:07:55,596 INFO 76730 [egg-security] compose 7 middlewares into one security middleware
2021-01-14 15:07:55,605 INFO 76730 [egg:core] dump config after load, 4ms
2021-01-14 15:07:55,617 INFO 76730 [egg-watcher:application] watcher start success
2021-01-14 15:07:55,625 INFO 76730 [egg:core] dump config after ready, 5ms
2021-01-14 17:59:22,393 WARN 76730 [ClusterClient:Watcher] follower closed, and try to init it again
2021-01-14 18:22:59,208 INFO 91388 [egg:logger] init all loggers with options: {"dir":"/Users/didi/yarong/xiyou/graduationProject/graduation/myapp/umiExp/egg-example/logs/eggExp","encoding":"utf8","env":"local","level":"INFO","consoleLevel":"INFO","disableConsoleAfterReady":false,"outputJSON":false,"buffer":true,"appLogName":"eggExp-web.log","coreLogName":"egg-web.log","agentLogName":"egg-agent.log","errorLogName":"common-error.log","coreLogger":{"consoleLevel":"WARN"},"allowDebugAtProd":false,"type":"application"}
2021-01-14 18:22:59,254 INFO 91388 [egg-multipart] stream mode enable
2021-01-14 18:22:59,437 INFO 91388 [egg-static] starting static serve /public/ -> /Users/didi/yarong/xiyou/graduationProject/graduation/myapp/umiExp/egg-example/app/public
2021-01-14 18:22:59,440 INFO 91388 [egg-security] use csrf middleware
2021-01-14 18:22:59,441 INFO 91388 [egg-security] use methodnoallow middleware
2021-01-14 18:22:59,442 INFO 91388 [egg-security] use noopen middleware
2021-01-14 18:22:59,442 INFO 91388 [egg-security] use nosniff middleware
2021-01-14 18:22:59,443 INFO 91388 [egg-security] use xssProtection middleware
2021-01-14 18:22:59,444 INFO 91388 [egg-security] use xframe middleware
2021-01-14 18:22:59,446 INFO 91388 [egg-security] use dta middleware
2021-01-14 18:22:59,446 INFO 91388 [egg-security] compose 7 middlewares into one security middleware
2021-01-14 18:22:59,454 INFO 91388 [egg:core] dump config after load, 4ms
2021-01-14 18:22:59,467 INFO 91388 [egg-watcher:application] watcher start success
2021-01-14 18:22:59,473 INFO 91388 [egg:core] dump config after ready, 4ms
2021-01-14 19:11:21,074 WARN 91388 [ClusterClient:Watcher] follower closed, and try to init it again
2021-01-14 19:54:10,197 WARN 91388 [ClusterClient:Watcher] follower closed, and try to init it again
2021-01-14 20:45:51,895 WARN 91388 [TCPBase] socket is closed by other side while there were still unhandled data in the socket buffer
2021-01-14 20:45:51,897 WARN 91388 [ClusterClient:Watcher] follower closed, and try to init it again
2021-01-14 22:46:49,302 WARN 91388 [ClusterClient:Watcher] follower closed, and try to init it again
2021-01-14 23:47:37,087 WARN 91388 [TCPBase] socket is closed by other side while there were still unhandled data in the socket buffer
2021-01-14 23:47:37,087 WARN 91388 [ClusterClient:Watcher] follower closed, and try to init it again
2021-01-15 00:40:15,417 WARN 91388 [ClusterClient:Watcher] follower closed, and try to init it again
2021-01-15 02:18:12,703 WARN 91388 [ClusterClient:Watcher] follower closed, and try to init it again
2021-01-15 02:20:59,601 WARN 91388 [ClusterClient:Watcher] follower closed, and try to init it again
2021-01-15 02:26:29,353 WARN 91388 [ClusterClient:Watcher] follower closed, and try to init it again
2021-01-15 02:36:02,216 WARN 91388 [TCPBase] socket is closed by other side while there were still unhandled data in the socket buffer
2021-01-15 02:36:02,217 WARN 91388 [ClusterClient:Watcher] follower closed, and try to init it again
2021-01-15 05:09:28,760 WARN 91388 [ClusterClient:Watcher] follower closed, and try to init it again
2021-01-15 07:00:26,815 WARN 91388 [ClusterClient:Watcher] follower closed, and try to init it again
2021-01-15 09:30:42,411 WARN 91388 [ClusterClient:Watcher] follower closed, and try to init it again
2021-01-15 10:13:56,504 WARN 91388 [ClusterClient:Watcher] follower closed, and try to init it again
